<?xml version="1.0" encoding="UTF-8"?>
<testng-results ignored="0" total="2" passed="2" failed="0" skipped="0">
  <reporter-output>
    <line>
      <![CDATA[=====Browser Session Started=====]]>
    </line>
    <line>
      <![CDATA[=====Application Started=====]]>
    </line>
    <line>
      <![CDATA[click login button ]]>
    </line>
    <line>
      <![CDATA[enter username]]>
    </line>
    <line>
      <![CDATA[enter password ]]>
    </line>
    <line>
      <![CDATA[click login button ]]>
    </line>
    <line>
      <![CDATA[3FA2_1F2_SHOP-314]]>
    </line>
    <line>
      <![CDATA[0]]>
    </line>
    <line>
      <![CDATA[3FA2_1F3_SHOP-306]]>
    </line>
    <line>
      <![CDATA[0]]>
    </line>
    <line>
      <![CDATA[=====Browser Session End=====]]>
    </line>
  </reporter-output>
  <suite started-at="2023-12-18T18:06:29 IST" name="Default suite" finished-at="2023-12-18T18:07:54 IST" duration-ms="85708">
    <groups>
    </groups>
    <test started-at="2023-12-18T18:06:29 IST" name="Default test" finished-at="2023-12-18T18:07:54 IST" duration-ms="85708">
      <class name="testcases.Frequency_Read">
        <test-method is-config="true" signature="setup()[pri:0, instance:testcases.Frequency_Read@32c4e8b2]" started-at="2023-12-18T18:06:15 IST" name="setup" finished-at="2023-12-18T18:06:29 IST" duration-ms="14161" status="PASS">
          <reporter-output>
            <line>
              <![CDATA[=====Browser Session Started=====]]>
            </line>
            <line>
              <![CDATA[=====Application Started=====]]>
            </line>
          </reporter-output>
        </test-method> <!-- setup -->
        <test-method signature="LOGIN()[pri:1, instance:testcases.Frequency_Read@32c4e8b2]" started-at="2023-12-18T18:06:29 IST" name="LOGIN" finished-at="2023-12-18T18:06:51 IST" duration-ms="22605" status="PASS">
          <reporter-output>
            <line>
              <![CDATA[click login button ]]>
            </line>
            <line>
              <![CDATA[enter username]]>
            </line>
            <line>
              <![CDATA[enter password ]]>
            </line>
            <line>
              <![CDATA[click login button ]]>
            </line>
          </reporter-output>
        </test-method> <!-- LOGIN -->
        <test-method signature="Frequency_Report()[pri:3, instance:testcases.Frequency_Read@32c4e8b2]" started-at="2023-12-18T18:06:51 IST" name="Frequency_Report" finished-at="2023-12-18T18:07:54 IST" duration-ms="63017" status="PASS">
          <reporter-output>
            <line>
              <![CDATA[3FA2_1F2_SHOP-314]]>
            </line>
            <line>
              <![CDATA[0]]>
            </line>
            <line>
              <![CDATA[3FA2_1F3_SHOP-306]]>
            </line>
            <line>
              <![CDATA[0]]>
            </line>
          </reporter-output>
        </test-method> <!-- Frequency_Report -->
        <test-method is-config="true" signature="closeApplication()[pri:0, instance:testcases.Frequency_Read@32c4e8b2]" started-at="2023-12-18T18:07:54 IST" name="closeApplication" finished-at="2023-12-18T18:08:04 IST" duration-ms="10001" status="PASS">
          <reporter-output>
            <line>
              <![CDATA[=====Browser Session End=====]]>
            </line>
          </reporter-output>
        </test-method> <!-- closeApplication -->
      </class> <!-- testcases.Frequency_Read -->
    </test> <!-- Default test -->
  </suite> <!-- Default suite -->
</testng-results>
